{"meta": {"format": 3, "version": "7.12.0", "timestamp": "2025-11-24T21:46:27.928627", "branch_coverage": false, "show_contexts": false}, "files": {"rag.py": {"executed_lines": [1, 47, 48, 49, 50, 51, 52, 53, 54, 55, 56, 57, 58, 59, 60, 62, 63, 65, 85, 91, 92, 93, 94, 95, 96, 98, 99, 100, 103, 106, 107, 108, 109, 110, 111, 114, 115, 116, 118, 121, 122, 124, 127, 130, 136, 137, 138, 140, 141, 146, 147, 150, 151, 157, 158, 159, 162, 168, 169, 171, 173, 175, 176, 177, 180, 185, 192, 193, 195, 196, 197, 200, 202, 203, 206, 209, 212, 214, 217, 218, 219, 221, 222, 227, 231, 234, 237, 238, 245, 255, 268, 269, 271, 272, 273, 275, 276, 278, 279, 282, 285, 286, 287, 290, 291, 292, 295, 298, 300, 303, 306, 309, 310, 313, 314, 336, 338, 339, 340, 346, 356, 364, 365, 367, 368, 370, 372, 373, 374, 375, 376, 377, 378, 379, 382, 383, 384, 385, 386, 387, 388, 389, 390, 391, 392, 393, 394, 402, 415, 416, 417, 420, 423, 424, 426, 427, 428, 429, 430, 435, 436, 439, 440, 441, 442, 451, 452, 453, 455, 456, 457, 467, 468, 470, 472, 477, 494, 495, 497, 498, 501, 503, 504, 505, 506, 512, 513, 520, 528, 547, 548, 561, 562, 563, 566, 567, 570, 579, 580, 583, 587, 602, 603, 605, 609, 612, 613, 615, 618, 619, 622, 626, 627, 628, 630, 631, 632, 633, 634, 639, 640, 641, 643, 650, 651, 656, 657, 665, 667, 669, 670, 671, 674, 676, 677, 680, 681, 682, 685, 691, 692, 696, 699, 704, 708, 711, 714, 715, 717, 720, 721, 731, 732, 733, 734, 735, 736, 741, 743, 744, 745, 746, 747, 758, 759, 760, 761, 762, 763, 764, 765, 766, 768, 770, 771, 775, 777, 780, 784, 785, 788, 789, 790, 791, 793, 795, 799, 800, 802, 805, 806, 807, 808, 811, 813, 815, 817, 818, 819, 820, 821, 822, 824, 826, 942, 944, 946, 947, 948, 949, 953, 954, 957, 958, 962, 963, 967, 968, 970, 971, 972, 978, 979, 980, 981, 983, 984, 985, 986, 987, 988, 989, 990, 992, 993, 994, 995, 999, 1000, 1018, 1019, 1022, 1024, 1025, 1028, 1033, 1034, 1035, 1039, 1042, 1046, 1047, 1048, 1052, 1056, 1059, 1068, 1069, 1072, 1075, 1077, 1080, 1081, 1082, 1083, 1086, 1096, 1097, 1099, 1100, 1105, 1106, 1113, 1116, 1117, 1119, 1120, 1123, 1124, 1125, 1128, 1129, 1132, 1133, 1136, 1137, 1138, 1139, 1140, 1144, 1145, 1146, 1147, 1150, 1152, 1153, 1155, 1158, 1169, 1171, 1172, 1174, 1175, 1176, 1177, 1178, 1179, 1180, 1182, 1183, 1184, 1185, 1187, 1189, 1190, 1191, 1192, 1193, 1194, 1196, 1199, 1211, 1212, 1213, 1215, 1216, 1220, 1221, 1222, 1223, 1224, 1225, 1226, 1227, 1230, 1233, 1236, 1237, 1239, 1240, 1242, 1245, 1248, 1262, 1264, 1266, 1268, 1269, 1272, 1274, 1276, 1279, 1281, 1282, 1283, 1286, 1290, 1291, 1294, 1295, 1296, 1298, 1301, 1302, 1303, 1304, 1306, 1310, 1311, 1313, 1314, 1315, 1316, 1319, 1320, 1323, 1325, 1327, 1328, 1329, 1331, 1332, 1336, 1341, 1344, 1345, 1346, 1347, 1348, 1355, 1373, 1375, 1377, 1380, 1392, 1395, 1416, 1418, 1420, 1421, 1423, 1424, 1425, 1426, 1429, 1430, 1431, 1433, 1434, 1435, 1437, 1439, 1441, 1444, 1457, 1458, 1460, 1461, 1462, 1463, 1465, 1466, 1469, 1470, 1472, 1475, 1477, 1478, 1479, 1480, 1483, 1486, 1488, 1492, 1495, 1496, 1497, 1499, 1500, 1501, 1502, 1503, 1505, 1506, 1510, 1512, 1513, 1514, 1516, 1517, 1518, 1521, 1522, 1525, 1526, 1527, 1529, 1530, 1531, 1532, 1535, 1538, 1539, 1540, 1547, 1548, 1549, 1550, 1551, 1555, 1556, 1560, 1562, 1563, 1564, 1567, 1570, 1571, 1574, 1576, 1577, 1578, 1581, 1583, 1588, 1591, 1592, 1593, 1594, 1595, 1596, 1599, 1601, 1608, 1614, 1617, 1618, 1621, 1624, 1625, 1627, 1628, 1631, 1651, 1652, 1655, 1656, 1658, 1659, 1660, 1662, 1665, 1666, 1668, 1669, 1672, 1673, 1676, 1678, 1679, 1682, 1683, 1684, 1685, 1686, 1689, 1690, 1693, 1696, 1697, 1698, 1699, 1701, 1703, 1704, 1705, 1706, 1707, 1708, 1709, 1710, 1711, 1717, 1718, 1721, 1740, 1743, 1752, 1755, 1756, 1758, 1759, 1760, 1762, 1763, 1764, 1766, 1767, 1768, 1770, 1771, 1772, 1773, 1775, 1776, 1777, 1780, 1781, 1790, 1791, 1792, 1795, 1810, 1811, 1812, 1813, 1814, 1816, 1820, 1823, 1825, 1827, 1830, 1831, 1834, 1836, 1838, 1842, 1843, 1846, 1847, 1848, 1872, 1876, 1885, 1888, 1900, 1901, 1902, 1903, 1904, 1910, 1911, 1914, 1915, 1918, 1921, 1927, 1930, 1932, 1933, 1936, 1937, 1939, 1940, 1942, 1943, 1945, 1947, 1948, 1949, 1950, 1954, 1955, 1959, 1960, 1963, 1977, 1979, 1982, 1984, 1985, 1986, 1989, 1991, 1992, 1996, 2000, 2001, 2002, 2003, 2004, 2007, 2011, 2012, 2015, 2017, 2018, 2019, 2020, 2021, 2022, 2023, 2024, 2025, 2026, 2027, 2028, 2029, 2030, 2031, 2033, 2034, 2035, 2038, 2039, 2040, 2044, 2047, 2049, 2050, 2051, 2054, 2055, 2058, 2059, 2062, 2063, 2065, 2066, 2067, 2069, 2070, 2071, 2074, 2077, 2083, 2084, 2090, 2092, 2094, 2104, 2105, 2106, 2112, 2114, 2116, 2118, 2124, 2128, 2131, 2144, 2147, 2156, 2157, 2159, 2172, 2173, 2174, 2175, 2176, 2177, 2179, 2181, 2183, 2187, 2188, 2190, 2191, 2192, 2193, 2194, 2195, 2196, 2197, 2198, 2199, 2200, 2201, 2205, 2207, 2210, 2213, 2216, 2220, 2223, 2225, 2226, 2229, 2230, 2231, 2233, 2234, 2237, 2238, 2240, 2241, 2242, 2243, 2245, 2247, 2248, 2251, 2252, 2253, 2254, 2255, 2256, 2258, 2260, 2261, 2264, 2266, 2267, 2271, 2275, 2313, 2319, 2320, 2321, 2323, 2324, 2325, 2326, 2327, 2328, 2329, 2331, 2337, 2338, 2343, 2344, 2348, 2350, 2351, 2368, 2369, 2370, 2371, 2373, 2374, 2375, 2377, 2379, 2382, 2383, 2384, 2388, 2391, 2392, 2395, 2396, 2397, 2400, 2401, 2402, 2404, 2405, 2409, 2412, 2415, 2418, 2422, 2423, 2424, 2425, 2426, 2427, 2428, 2431, 2432, 2434, 2436, 2437, 2440, 2441, 2443, 2445, 2446, 2447, 2448, 2449, 2450, 2451, 2452, 2453, 2454, 2455, 2457, 2460, 2461, 2462, 2463, 2466, 2469, 2473, 2474, 2475, 2485, 2487, 2489, 2490, 2491, 2494, 2495, 2496, 2503, 2504, 2507, 2508, 2509, 2510, 2511, 2513, 2514, 2515, 2516, 2517, 2518, 2519, 2520, 2522, 2523, 2526, 2527, 2528, 2532, 2533, 2534, 2536, 2538, 2539, 2544, 2545, 2546, 2550, 2551, 2552, 2560, 2561, 2562, 2564, 2566, 2567, 2568, 2571, 2572, 2574, 2575, 2576, 2577, 2580, 2581, 2582, 2584, 2598, 2599, 2610, 2611, 2614, 2615, 2617, 2623, 2632, 2633, 2637, 2638, 2640, 2643, 2647, 2648, 2652, 2658, 2659, 2660, 2661, 2662, 2666, 2670, 2676, 2680, 2681, 2683, 2687, 2688, 2700, 2701, 2707, 2708, 2710, 2712, 2715, 2716, 2720, 2722, 2785, 2798, 2806, 2807, 2808, 2809, 2811, 2812, 2816, 2817, 2819, 2822, 2824, 2825, 2826, 2827, 2828, 2829, 2830, 2837, 2838, 2852, 2854, 2855, 2856, 2857, 2858, 2861, 2876, 2878, 2880, 2881, 2883, 2885, 2886, 2887, 2896, 2897, 2898, 2901, 2902, 2906, 2907, 2908, 2910, 2912, 2913, 2914, 2919, 2920, 2924, 2925, 2926, 2930, 2931, 2936, 2937, 2945, 2946, 2949, 2953, 2954, 2962, 2963, 2964, 2965, 2968, 2969, 2970, 2971, 2973, 2974, 2976, 2977, 2980, 2991, 2992, 2994, 2998, 3001, 3018, 3141, 3146, 3148, 3149, 3150, 3151, 3152, 3153, 3154, 3156, 3157, 3161, 3176, 3177, 3178, 3179, 3180, 3181, 3182, 3184, 3185, 3186, 3187, 3188, 3189, 3190, 3191, 3192, 3193, 3195, 3196, 3198, 3199, 3200, 3208, 3209, 3210, 3211, 3212, 3213, 3214, 3215, 3216, 3217, 3218, 3220, 3221, 3224], "summary": {"covered_lines": 1171, "num_statements": 1597, "percent_covered": 73.32498434564809, "percent_covered_display": "73", "missing_lines": 426, "excluded_lines": 0, "percent_statements_covered": 73.32498434564809, "percent_statements_covered_display": "73"}, "missing_lines": [66, 67, 70, 71, 72, 74, 75, 77, 78, 80, 81, 148, 149, 152, 153, 181, 182, 215, 224, 228, 240, 241, 242, 247, 248, 249, 251, 252, 283, 296, 315, 316, 319, 320, 322, 324, 325, 328, 329, 330, 331, 333, 342, 343, 344, 348, 349, 350, 352, 353, 395, 396, 398, 399, 431, 432, 443, 444, 445, 473, 474, 475, 480, 481, 483, 484, 485, 487, 488, 489, 490, 491, 492, 509, 511, 514, 515, 516, 517, 529, 530, 531, 532, 533, 534, 535, 536, 537, 538, 539, 540, 541, 543, 549, 550, 551, 552, 553, 554, 556, 572, 573, 575, 616, 644, 646, 748, 749, 750, 751, 752, 753, 754, 756, 796, 828, 829, 831, 832, 833, 835, 836, 837, 838, 839, 840, 841, 842, 843, 844, 845, 848, 849, 852, 855, 858, 859, 861, 865, 867, 869, 872, 875, 876, 880, 881, 885, 886, 889, 891, 892, 893, 895, 896, 897, 900, 901, 902, 903, 905, 908, 909, 910, 911, 913, 916, 918, 919, 923, 926, 929, 930, 931, 932, 933, 934, 935, 936, 937, 938, 940, 950, 959, 964, 965, 973, 975, 976, 977, 991, 1029, 1053, 1054, 1148, 1338, 1357, 1358, 1359, 1361, 1362, 1363, 1364, 1365, 1367, 1368, 1489, 1519, 1523, 1528, 1542, 1543, 1565, 1584, 1585, 1609, 1610, 1611, 1663, 1714, 1722, 1723, 1724, 1725, 1726, 1727, 1728, 1730, 1732, 1733, 1734, 1735, 1736, 1737, 1738, 1753, 1786, 1787, 1817, 1818, 1839, 1844, 1849, 1851, 1852, 1853, 1856, 1857, 1859, 1862, 1863, 1864, 1865, 1868, 1869, 1870, 1877, 1878, 1880, 1881, 1882, 1883, 1925, 1994, 2009, 2036, 2037, 2075, 2184, 2203, 2209, 2246, 2259, 2269, 2363, 2365, 2403, 2407, 2416, 2429, 2435, 2439, 2548, 2553, 2554, 2556, 2557, 2583, 2586, 2587, 2588, 2591, 2593, 2594, 2597, 2600, 2602, 2604, 2605, 2606, 2607, 2619, 2663, 2671, 2672, 2677, 2689, 2690, 2691, 2692, 2693, 2694, 2695, 2697, 2698, 2702, 2703, 2727, 2733, 2734, 2740, 2741, 2747, 2748, 2749, 2750, 2753, 2754, 2755, 2757, 2758, 2761, 2762, 2763, 2764, 2767, 2768, 2769, 2771, 2772, 2773, 2775, 2780, 2781, 2783, 2862, 2867, 2868, 2869, 2870, 2871, 2873, 2874, 2882, 2884, 2903, 2915, 2916, 2917, 2927, 2933, 2938, 2939, 2940, 2950, 2957, 2959, 2960, 2978, 2979, 3012, 3013, 3014, 3030, 3031, 3032, 3034, 3037, 3045, 3046, 3047, 3049, 3050, 3051, 3052, 3054, 3055, 3061, 3062, 3063, 3064, 3065, 3066, 3068, 3069, 3078, 3079, 3080, 3081, 3082, 3083, 3085, 3086, 3102, 3103, 3104, 3106, 3107, 3114, 3116, 3117, 3125, 3128, 3130, 3131, 3138, 3225, 3226, 3227, 3228, 3229, 3230, 3231, 3232, 3233, 3235, 3236], "excluded_lines": [], "functions": {"_load_env_file": {"executed_lines": [91, 92, 93, 94, 95, 96, 98, 99, 100], "summary": {"covered_lines": 9, "num_statements": 9, "percent_covered": 100.0, "percent_covered_display": "100", "missing_lines": 0, "excluded_lines": 0, "percent_statements_covered": 100.0, "percent_statements_covered_display": "100"}, "missing_lines": [], "excluded_lines": []}, "_get_gcs_client": {"executed_lines": [168, 169, 171, 173, 175, 176, 177, 180], "summary": {"covered_lines": 8, "num_statements": 10, "percent_covered": 80.0, "percent_covered_display": "80", "missing_lines": 2, "excluded_lines": 0, "percent_statements_covered": 80.0, "percent_statements_covered_display": "80"}, "missing_lines": [181, 182], "excluded_lines": []}, "_download_chromadb_from_gcs": {"executed_lines": [192, 193, 195, 196, 197, 200, 202, 203, 206, 209, 212, 214, 217, 218, 219, 221, 222, 227, 231, 234, 237, 238, 245], "summary": {"covered_lines": 23, "num_statements": 34, "percent_covered": 67.6470588235294, "percent_covered_display": "68", "missing_lines": 11, "excluded_lines": 0, "percent_statements_covered": 67.6470588235294, "percent_statements_covered_display": "68"}, "missing_lines": [215, 224, 228, 240, 241, 242, 247, 248, 249, 251, 252], "excluded_lines": []}, "_upload_chromadb_to_gcs": {"executed_lines": [268, 269, 271, 272, 273, 275, 276, 278, 279, 282, 285, 286, 287, 290, 291, 292, 295, 298, 300, 303, 306, 309, 310, 313, 314, 336, 338, 339, 340, 346], "summary": {"covered_lines": 30, "num_statements": 52, "percent_covered": 57.69230769230769, "percent_covered_display": "58", "missing_lines": 22, "excluded_lines": 0, "percent_statements_covered": 57.69230769230769, "percent_statements_covered_display": "58"}, "missing_lines": [283, 296, 315, 316, 319, 320, 322, 324, 325, 328, 329, 330, 331, 333, 342, 343, 344, 348, 349, 350, 352, 353], "excluded_lines": []}, "_touch_chromadb_files": {"executed_lines": [364, 365, 367, 368, 370, 372, 373, 374, 375, 376, 377, 378, 379, 382, 383, 384, 385, 386, 387, 388, 389, 390, 391, 392, 393, 394], "summary": {"covered_lines": 26, "num_statements": 30, "percent_covered": 86.66666666666667, "percent_covered_display": "87", "missing_lines": 4, "excluded_lines": 0, "percent_statements_covered": 86.66666666666667, "percent_statements_covered_display": "87"}, "missing_lines": [395, 396, 398, 399], "excluded_lines": []}, "_start_chromadb_server": {"executed_lines": [415, 416, 417, 420, 423, 424, 426, 427, 428, 429, 430, 435, 436, 439, 440, 441, 442, 451, 452, 453, 455, 456, 457, 467, 468, 470, 472, 477, 494, 495, 497, 498, 501, 503, 504, 505, 506, 512, 513], "summary": {"covered_lines": 39, "num_statements": 50, "percent_covered": 78.0, "percent_covered_display": "78", "missing_lines": 11, "excluded_lines": 0, "percent_statements_covered": 78.0, "percent_statements_covered_display": "78"}, "missing_lines": [431, 432, 443, 444, 445, 509, 511, 514, 515, 516, 517], "excluded_lines": []}, "_start_chromadb_server.log_server_output": {"executed_lines": [], "summary": {"covered_lines": 0, "num_statements": 3, "percent_covered": 0.0, "percent_covered_display": "0", "missing_lines": 3, "excluded_lines": 0, "percent_statements_covered": 0.0, "percent_statements_covered_display": "0"}, "missing_lines": [473, 474, 475], "excluded_lines": []}, "_start_chromadb_server.check_server_errors": {"executed_lines": [], "summary": {"covered_lines": 0, "num_statements": 11, "percent_covered": 0.0, "percent_covered_display": "0", "missing_lines": 11, "excluded_lines": 0, "percent_statements_covered": 0.0, "percent_statements_covered_display": "0"}, "missing_lines": [480, 481, 483, 484, 485, 487, 488, 489, 490, 491, 492], "excluded_lines": []}, "_cleanup_chromadb_server": {"executed_lines": [528, 547, 548], "summary": {"covered_lines": 3, "num_statements": 24, "percent_covered": 12.5, "percent_covered_display": "12", "missing_lines": 21, "excluded_lines": 0, "percent_statements_covered": 12.5, "percent_statements_covered_display": "12"}, "missing_lines": [529, 530, 531, 532, 533, 534, 535, 536, 537, 538, 539, 540, 541, 543, 549, 550, 551, 552, 553, 554, 556], "excluded_lines": []}, "_signal_handler": {"executed_lines": [], "summary": {"covered_lines": 0, "num_statements": 3, "percent_covered": 0.0, "percent_covered_display": "0", "missing_lines": 3, "excluded_lines": 0, "percent_statements_covered": 0.0, "percent_statements_covered_display": "0"}, "missing_lines": [572, 573, 575], "excluded_lines": []}, "get_chromadb_client": {"executed_lines": [602, 603, 605, 609, 612, 613, 615, 618, 619, 622], "summary": {"covered_lines": 10, "num_statements": 11, "percent_covered": 90.9090909090909, "percent_covered_display": "91", "missing_lines": 1, "excluded_lines": 0, "percent_statements_covered": 90.9090909090909, "percent_statements_covered_display": "91"}, "missing_lines": [616], "excluded_lines": []}, "_combine_sentences": {"executed_lines": [667, 669, 670, 671, 674, 676, 677, 680, 681, 682], "summary": {"covered_lines": 10, "num_statements": 10, "percent_covered": 100.0, "percent_covered_display": "100", "missing_lines": 0, "excluded_lines": 0, "percent_statements_covered": 100.0, "percent_statements_covered_display": "100"}, "missing_lines": [], "excluded_lines": []}, "_calc_cosine_distances": {"executed_lines": [691, 692, 696, 699, 704, 708, 711, 714, 715, 717], "summary": {"covered_lines": 10, "num_statements": 10, "percent_covered": 100.0, "percent_covered_display": "100", "missing_lines": 0, "excluded_lines": 0, "percent_statements_covered": 100.0, "percent_statements_covered_display": "100"}, "missing_lines": [], "excluded_lines": []}, "SemanticChunker.__init__": {"executed_lines": [731, 732, 733, 734, 735, 736, 741], "summary": {"covered_lines": 7, "num_statements": 7, "percent_covered": 100.0, "percent_covered_display": "100", "missing_lines": 0, "excluded_lines": 0, "percent_statements_covered": 100.0, "percent_statements_covered_display": "100"}, "missing_lines": [], "excluded_lines": []}, "SemanticChunker._calc_breakpoint_threshold": {"executed_lines": [744, 745, 746, 747], "summary": {"covered_lines": 4, "num_statements": 12, "percent_covered": 33.333333333333336, "percent_covered_display": "33", "missing_lines": 8, "excluded_lines": 0, "percent_statements_covered": 33.333333333333336, "percent_statements_covered_display": "33"}, "missing_lines": [748, 749, 750, 751, 752, 753, 754, 756], "excluded_lines": []}, "SemanticChunker._threshold_from_clusters": {"executed_lines": [759, 760, 761, 762, 763, 764, 765, 766], "summary": {"covered_lines": 8, "num_statements": 8, "percent_covered": 100.0, "percent_covered_display": "100", "missing_lines": 0, "excluded_lines": 0, "percent_statements_covered": 100.0, "percent_statements_covered_display": "100"}, "missing_lines": [], "excluded_lines": []}, "SemanticChunker._calculate_sentence_distances": {"executed_lines": [770, 771, 775, 777, 780, 784, 785, 788, 789, 790, 791, 793, 795, 799, 800, 802, 805, 806, 807, 808, 811, 813], "summary": {"covered_lines": 22, "num_statements": 23, "percent_covered": 95.65217391304348, "percent_covered_display": "96", "missing_lines": 1, "excluded_lines": 0, "percent_statements_covered": 95.65217391304348, "percent_statements_covered_display": "96"}, "missing_lines": [796], "excluded_lines": []}, "SemanticChunker._get_optimal_sample_rate": {"executed_lines": [817, 818, 819, 820, 821, 822, 824], "summary": {"covered_lines": 7, "num_statements": 7, "percent_covered": 100.0, "percent_covered_display": "100", "missing_lines": 0, "excluded_lines": 0, "percent_statements_covered": 100.0, "percent_statements_covered_display": "100"}, "missing_lines": [], "excluded_lines": []}, "SemanticChunker._two_stage_split": {"executed_lines": [], "summary": {"covered_lines": 0, "num_statements": 66, "percent_covered": 0.0, "percent_covered_display": "0", "missing_lines": 66, "excluded_lines": 0, "percent_statements_covered": 0.0, "percent_statements_covered_display": "0"}, "missing_lines": [828, 829, 831, 832, 833, 835, 836, 837, 838, 839, 840, 841, 842, 843, 844, 845, 848, 849, 852, 855, 858, 859, 861, 865, 867, 869, 872, 875, 876, 880, 881, 885, 886, 889, 891, 892, 893, 895, 896, 897, 900, 901, 902, 903, 905, 908, 909, 910, 911, 913, 916, 918, 919, 923, 926, 929, 930, 931, 932, 933, 934, 935, 936, 937, 938, 940], "excluded_lines": []}, "SemanticChunker.split_text": {"executed_lines": [944, 946, 947, 948, 949, 953, 954, 957, 958, 962, 963, 967, 968, 970, 971, 972, 978, 979, 980, 981], "summary": {"covered_lines": 20, "num_statements": 28, "percent_covered": 71.42857142857143, "percent_covered_display": "71", "missing_lines": 8, "excluded_lines": 0, "percent_statements_covered": 71.42857142857143, "percent_statements_covered_display": "71"}, "missing_lines": [950, 959, 964, 965, 973, 975, 976, 977], "excluded_lines": []}, "SemanticChunker.create_documents": {"executed_lines": [984, 985, 986, 987, 988, 989, 990, 992, 993, 994, 995], "summary": {"covered_lines": 11, "num_statements": 12, "percent_covered": 91.66666666666667, "percent_covered_display": "92", "missing_lines": 1, "excluded_lines": 0, "percent_statements_covered": 91.66666666666667, "percent_statements_covered_display": "92"}, "missing_lines": [991], "excluded_lines": []}, "_norm": {"executed_lines": [1024, 1025, 1028, 1033, 1034, 1035, 1039, 1042, 1046, 1047, 1048, 1052, 1056], "summary": {"covered_lines": 13, "num_statements": 16, "percent_covered": 81.25, "percent_covered_display": "81", "missing_lines": 3, "excluded_lines": 0, "percent_statements_covered": 81.25, "percent_statements_covered_display": "81"}, "missing_lines": [1029, 1053, 1054], "excluded_lines": []}, "normalize_query": {"executed_lines": [1068, 1069, 1072, 1075, 1077], "summary": {"covered_lines": 5, "num_statements": 5, "percent_covered": 100.0, "percent_covered_display": "100", "missing_lines": 0, "excluded_lines": 0, "percent_statements_covered": 100.0, "percent_statements_covered_display": "100"}, "missing_lines": [], "excluded_lines": []}, "_load_txt_md": {"executed_lines": [1081, 1082, 1083], "summary": {"covered_lines": 3, "num_statements": 3, "percent_covered": 100.0, "percent_covered_display": "100", "missing_lines": 0, "excluded_lines": 0, "percent_statements_covered": 100.0, "percent_statements_covered_display": "100"}, "missing_lines": [], "excluded_lines": []}, "_remove_headers_footers": {"executed_lines": [1096, 1097, 1099, 1100, 1105, 1106, 1113, 1116, 1117, 1119, 1120, 1123, 1124, 1125, 1128, 1129, 1132, 1133, 1136, 1137, 1138, 1139, 1140, 1144, 1145, 1146, 1147, 1150, 1152, 1153, 1155], "summary": {"covered_lines": 31, "num_statements": 32, "percent_covered": 96.875, "percent_covered_display": "97", "missing_lines": 1, "excluded_lines": 0, "percent_statements_covered": 96.875, "percent_statements_covered_display": "97"}, "missing_lines": [1148], "excluded_lines": []}, "_extract_page_text": {"executed_lines": [1169, 1171, 1172, 1174, 1175, 1176, 1177, 1178, 1179, 1180, 1182, 1183, 1184, 1185, 1187, 1189, 1190, 1191, 1192, 1193, 1194, 1196], "summary": {"covered_lines": 22, "num_statements": 22, "percent_covered": 100.0, "percent_covered_display": "100", "missing_lines": 0, "excluded_lines": 0, "percent_statements_covered": 100.0, "percent_statements_covered_display": "100"}, "missing_lines": [], "excluded_lines": []}, "_finalize_and_output_chapter": {"executed_lines": [1211, 1212, 1213, 1215, 1216, 1220, 1221, 1222, 1223, 1224, 1225, 1226, 1227, 1230, 1233, 1236, 1237, 1239, 1240, 1242, 1245], "summary": {"covered_lines": 21, "num_statements": 21, "percent_covered": 100.0, "percent_covered_display": "100", "missing_lines": 0, "excluded_lines": 0, "percent_statements_covered": 100.0, "percent_statements_covered_display": "100"}, "missing_lines": [], "excluded_lines": []}, "_extract_chapters_from_toc": {"executed_lines": [1262, 1264, 1266, 1268, 1269, 1272, 1286, 1310, 1311, 1313, 1314, 1315, 1316, 1319, 1320, 1323, 1325, 1327, 1328, 1329, 1331, 1332, 1336, 1341, 1344, 1345, 1346, 1347, 1348, 1355, 1373, 1375, 1377], "summary": {"covered_lines": 33, "num_statements": 44, "percent_covered": 75.0, "percent_covered_display": "75", "missing_lines": 11, "excluded_lines": 0, "percent_statements_covered": 75.0, "percent_statements_covered_display": "75"}, "missing_lines": [1338, 1357, 1358, 1359, 1361, 1362, 1363, 1364, 1365, 1367, 1368], "excluded_lines": []}, "_extract_chapters_from_toc.is_organizational_title": {"executed_lines": [1274, 1276, 1279, 1281, 1282, 1283], "summary": {"covered_lines": 6, "num_statements": 6, "percent_covered": 100.0, "percent_covered_display": "100", "missing_lines": 0, "excluded_lines": 0, "percent_statements_covered": 100.0, "percent_statements_covered_display": "100"}, "missing_lines": [], "excluded_lines": []}, "_extract_chapters_from_toc.extract_chapter_info": {"executed_lines": [1290, 1291, 1294, 1295, 1296, 1298, 1301, 1302, 1303, 1304, 1306], "summary": {"covered_lines": 11, "num_statements": 11, "percent_covered": 100.0, "percent_covered_display": "100", "missing_lines": 0, "excluded_lines": 0, "percent_statements_covered": 100.0, "percent_statements_covered_display": "100"}, "missing_lines": [], "excluded_lines": []}, "_extract_non_chapter_sections_from_toc": {"executed_lines": [1392, 1395, 1416, 1418, 1420, 1421, 1423, 1424, 1425, 1426, 1429, 1430, 1431, 1433, 1434, 1435, 1437, 1439, 1441], "summary": {"covered_lines": 19, "num_statements": 19, "percent_covered": 100.0, "percent_covered_display": "100", "missing_lines": 0, "excluded_lines": 0, "percent_statements_covered": 100.0, "percent_statements_covered_display": "100"}, "missing_lines": [], "excluded_lines": []}, "_load_pdf": {"executed_lines": [1457, 1458, 1460, 1461, 1462, 1463, 1465, 1466, 1469, 1470, 1472, 1475, 1477, 1478, 1479, 1480, 1483, 1486, 1488, 1492, 1495, 1496, 1497, 1499, 1500, 1501, 1502, 1503, 1505, 1506, 1510, 1512, 1513, 1514, 1516, 1517, 1518, 1521, 1522, 1525, 1526, 1527, 1529, 1530, 1531, 1532, 1535, 1538, 1539, 1540, 1547, 1548, 1549, 1550, 1551, 1555, 1556, 1560, 1562, 1563, 1564, 1567, 1570, 1571, 1574, 1576, 1577, 1578, 1581, 1583, 1588, 1591, 1592, 1593, 1594, 1595, 1596, 1599, 1601, 1608, 1614, 1617, 1618, 1621, 1624, 1625, 1627, 1628], "summary": {"covered_lines": 88, "num_statements": 100, "percent_covered": 88.0, "percent_covered_display": "88", "missing_lines": 12, "excluded_lines": 0, "percent_statements_covered": 88.0, "percent_statements_covered_display": "88"}, "missing_lines": [1489, 1519, 1523, 1528, 1542, 1543, 1565, 1584, 1585, 1609, 1610, 1611], "excluded_lines": []}, "_load_md_feature_file": {"executed_lines": [1651, 1652, 1655, 1656, 1658, 1659, 1660, 1662, 1665, 1666, 1668, 1669, 1672, 1673, 1676, 1678, 1679, 1682, 1683, 1684, 1685, 1686, 1689, 1690, 1693, 1696, 1697, 1698, 1699, 1701, 1703, 1704, 1705, 1706, 1707, 1708, 1709, 1710, 1711, 1717, 1718, 1721, 1740], "summary": {"covered_lines": 43, "num_statements": 60, "percent_covered": 71.66666666666667, "percent_covered_display": "72", "missing_lines": 17, "excluded_lines": 0, "percent_statements_covered": 71.66666666666667, "percent_statements_covered_display": "72"}, "missing_lines": [1663, 1714, 1722, 1723, 1724, 1725, 1726, 1727, 1728, 1730, 1732, 1733, 1734, 1735, 1736, 1737, 1738], "excluded_lines": []}, "_save_feature": {"executed_lines": [1752, 1755, 1756, 1758, 1759, 1760, 1762, 1763, 1764, 1766, 1767, 1768, 1770, 1771, 1772, 1773, 1775, 1776, 1777, 1780, 1781, 1790, 1791, 1792], "summary": {"covered_lines": 24, "num_statements": 27, "percent_covered": 88.88888888888889, "percent_covered_display": "89", "missing_lines": 3, "excluded_lines": 0, "percent_statements_covered": 88.88888888888889, "percent_statements_covered_display": "89"}, "missing_lines": [1753, 1786, 1787], "excluded_lines": []}, "_load_full_md_file": {"executed_lines": [1810, 1811, 1812, 1813, 1814, 1816, 1820], "summary": {"covered_lines": 7, "num_statements": 9, "percent_covered": 77.77777777777777, "percent_covered_display": "78", "missing_lines": 2, "excluded_lines": 0, "percent_statements_covered": 77.77777777777777, "percent_statements_covered_display": "78"}, "missing_lines": [1817, 1818], "excluded_lines": []}, "load_all": {"executed_lines": [1825, 1827, 1830, 1831, 1834, 1836, 1838, 1842, 1843, 1846, 1847, 1848, 1872], "summary": {"covered_lines": 13, "num_statements": 29, "percent_covered": 44.827586206896555, "percent_covered_display": "45", "missing_lines": 16, "excluded_lines": 0, "percent_statements_covered": 44.827586206896555, "percent_statements_covered_display": "45"}, "missing_lines": [1839, 1844, 1849, 1851, 1852, 1853, 1856, 1857, 1859, 1862, 1863, 1864, 1865, 1868, 1869, 1870], "excluded_lines": []}, "_approx_token_len": {"executed_lines": [1900, 1901, 1902, 1903, 1904, 1910, 1911, 1914, 1915, 1918, 1921, 1927], "summary": {"covered_lines": 12, "num_statements": 13, "percent_covered": 92.3076923076923, "percent_covered_display": "92", "missing_lines": 1, "excluded_lines": 0, "percent_statements_covered": 92.3076923076923, "percent_statements_covered_display": "92"}, "missing_lines": [1925], "excluded_lines": []}, "_apply_sentence_overlap": {"executed_lines": [1932, 1933, 1936, 1937, 1939, 1940, 1942, 1943, 1945, 1947, 1948, 1949, 1950], "summary": {"covered_lines": 13, "num_statements": 13, "percent_covered": 100.0, "percent_covered_display": "100", "missing_lines": 0, "excluded_lines": 0, "percent_statements_covered": 100.0, "percent_statements_covered_display": "100"}, "missing_lines": [], "excluded_lines": []}, "_split_sentences_cached": {"executed_lines": [1977, 1979, 1982, 1984, 1985, 1986, 1989, 1991, 1992, 1996, 2000, 2001, 2002, 2003, 2004, 2007, 2011, 2012], "summary": {"covered_lines": 18, "num_statements": 20, "percent_covered": 90.0, "percent_covered_display": "90", "missing_lines": 2, "excluded_lines": 0, "percent_statements_covered": 90.0, "percent_statements_covered_display": "90"}, "missing_lines": [1994, 2009], "excluded_lines": []}, "_pack_sentences_to_token_cap": {"executed_lines": [2017, 2018, 2019, 2020, 2021, 2022, 2023, 2024, 2025, 2026, 2027, 2028, 2029, 2030, 2031, 2033, 2034, 2035, 2038, 2039, 2040], "summary": {"covered_lines": 21, "num_statements": 23, "percent_covered": 91.30434782608695, "percent_covered_display": "91", "missing_lines": 2, "excluded_lines": 0, "percent_statements_covered": 91.30434782608695, "percent_statements_covered_display": "91"}, "missing_lines": [2036, 2037], "excluded_lines": []}, "get_embedder": {"executed_lines": [2049, 2050, 2051], "summary": {"covered_lines": 3, "num_statements": 3, "percent_covered": 100.0, "percent_covered_display": "100", "missing_lines": 0, "excluded_lines": 0, "percent_statements_covered": 100.0, "percent_statements_covered_display": "100"}, "missing_lines": [], "excluded_lines": []}, "semantic_embed": {"executed_lines": [2055, 2058, 2059, 2062, 2063, 2065, 2066, 2067, 2069, 2070, 2071, 2074, 2077], "summary": {"covered_lines": 13, "num_statements": 14, "percent_covered": 92.85714285714286, "percent_covered_display": "93", "missing_lines": 1, "excluded_lines": 0, "percent_statements_covered": 92.85714285714286, "percent_statements_covered_display": "93"}, "missing_lines": [2075], "excluded_lines": []}, "SemanticSplitterCache.__init__": {"executed_lines": [2092], "summary": {"covered_lines": 1, "num_statements": 1, "percent_covered": 100.0, "percent_covered_display": "100", "missing_lines": 0, "excluded_lines": 0, "percent_statements_covered": 100.0, "percent_statements_covered_display": "100"}, "missing_lines": [], "excluded_lines": []}, "SemanticSplitterCache.get_splitter": {"executed_lines": [2104, 2105, 2106, 2112], "summary": {"covered_lines": 4, "num_statements": 4, "percent_covered": 100.0, "percent_covered_display": "100", "missing_lines": 0, "excluded_lines": 0, "percent_statements_covered": 100.0, "percent_statements_covered_display": "100"}, "missing_lines": [], "excluded_lines": []}, "SemanticSplitterCache.clear": {"executed_lines": [2116], "summary": {"covered_lines": 1, "num_statements": 1, "percent_covered": 100.0, "percent_covered_display": "100", "missing_lines": 0, "excluded_lines": 0, "percent_statements_covered": 100.0, "percent_statements_covered_display": "100"}, "missing_lines": [], "excluded_lines": []}, "SemanticSplitterCache.size": {"executed_lines": [2124], "summary": {"covered_lines": 1, "num_statements": 1, "percent_covered": 100.0, "percent_covered_display": "100", "missing_lines": 0, "excluded_lines": 0, "percent_statements_covered": 100.0, "percent_statements_covered_display": "100"}, "missing_lines": [], "excluded_lines": []}, "_get_semantic_splitter": {"executed_lines": [2144], "summary": {"covered_lines": 1, "num_statements": 1, "percent_covered": 100.0, "percent_covered_display": "100", "missing_lines": 0, "excluded_lines": 0, "percent_statements_covered": 100.0, "percent_statements_covered_display": "100"}, "missing_lines": [], "excluded_lines": []}, "semantic_chunks": {"executed_lines": [2156, 2157, 2159, 2181, 2213, 2216], "summary": {"covered_lines": 6, "num_statements": 6, "percent_covered": 100.0, "percent_covered_display": "100", "missing_lines": 0, "excluded_lines": 0, "percent_statements_covered": 100.0, "percent_statements_covered_display": "100"}, "missing_lines": [], "excluded_lines": []}, "semantic_chunks._get_adaptive_threshold": {"executed_lines": [2172, 2173, 2174, 2175, 2176, 2177, 2179], "summary": {"covered_lines": 7, "num_statements": 7, "percent_covered": 100.0, "percent_covered_display": "100", "missing_lines": 0, "excluded_lines": 0, "percent_statements_covered": 100.0, "percent_statements_covered_display": "100"}, "missing_lines": [], "excluded_lines": []}, "semantic_chunks._recur": {"executed_lines": [2183, 2187, 2188, 2190, 2191, 2192, 2193, 2194, 2195, 2196, 2197, 2198, 2199, 2200, 2201, 2205, 2207, 2210], "summary": {"covered_lines": 18, "num_statements": 21, "percent_covered": 85.71428571428571, "percent_covered_display": "86", "missing_lines": 3, "excluded_lines": 0, "percent_statements_covered": 85.71428571428571, "percent_statements_covered_display": "86"}, "missing_lines": [2184, 2203, 2209], "excluded_lines": []}, "_enrich_chunk_with_context": {"executed_lines": [2225, 2226, 2229, 2230, 2231, 2233, 2234, 2237, 2238, 2240, 2241, 2242, 2243, 2245, 2247, 2248, 2251, 2252, 2253, 2254, 2255, 2256, 2258, 2260, 2261, 2264, 2266, 2267, 2271], "summary": {"covered_lines": 29, "num_statements": 32, "percent_covered": 90.625, "percent_covered_display": "91", "missing_lines": 3, "excluded_lines": 0, "percent_statements_covered": 90.625, "percent_statements_covered_display": "91"}, "missing_lines": [2246, 2259, 2269], "excluded_lines": []}, "run_ingest": {"executed_lines": [2313, 2319, 2320, 2321, 2323, 2324, 2325, 2326, 2327, 2328, 2329, 2331, 2469, 2473, 2474, 2475, 2485, 2487, 2489, 2490, 2491, 2494, 2495, 2496, 2503, 2504, 2507, 2508, 2509, 2510, 2511, 2513, 2514, 2515, 2516, 2517, 2518, 2519, 2520, 2522, 2523, 2526, 2527, 2528, 2532, 2533, 2534, 2536, 2538, 2539, 2544, 2545, 2546, 2550, 2551, 2552, 2560, 2561, 2562, 2564, 2566, 2567, 2568, 2571, 2572, 2574, 2575, 2576, 2577, 2580, 2581, 2582, 2584, 2598, 2599, 2610, 2611, 2614, 2615, 2617, 2623, 2632, 2633, 2637, 2638, 2640, 2643, 2647, 2648, 2652, 2658, 2659, 2660, 2661, 2662, 2666, 2670, 2676, 2680, 2681, 2683, 2687, 2688, 2700, 2701, 2707, 2708, 2710, 2712, 2715, 2716, 2720, 2722, 2785, 2798, 2806, 2807, 2808, 2809, 2811, 2812], "summary": {"covered_lines": 121, "num_statements": 184, "percent_covered": 65.76086956521739, "percent_covered_display": "66", "missing_lines": 63, "excluded_lines": 0, "percent_statements_covered": 65.76086956521739, "percent_statements_covered_display": "66"}, "missing_lines": [2548, 2553, 2554, 2556, 2557, 2583, 2586, 2587, 2588, 2591, 2593, 2594, 2597, 2600, 2602, 2604, 2605, 2606, 2607, 2619, 2663, 2671, 2672, 2677, 2689, 2690, 2691, 2692, 2693, 2694, 2695, 2697, 2698, 2702, 2703, 2727, 2733, 2734, 2740, 2741, 2747, 2748, 2749, 2750, 2753, 2754, 2755, 2757, 2758, 2761, 2762, 2763, 2764, 2767, 2768, 2769, 2771, 2772, 2773, 2775, 2780, 2781, 2783], "excluded_lines": []}, "run_ingest._flush": {"executed_lines": [2337, 2338, 2343, 2344, 2348, 2350, 2351, 2368, 2369, 2370, 2371, 2373, 2374, 2375, 2377, 2379, 2382, 2383, 2384, 2388, 2391, 2392, 2395, 2396, 2397, 2400, 2401, 2402, 2404, 2405, 2409, 2412, 2415, 2418, 2422, 2423, 2424, 2425, 2426, 2427, 2428, 2431, 2432, 2434, 2436, 2437, 2440, 2441, 2443, 2445, 2446, 2447, 2448, 2449, 2450, 2451, 2452, 2453, 2454, 2455, 2457, 2460, 2461, 2462, 2463, 2466], "summary": {"covered_lines": 66, "num_statements": 74, "percent_covered": 89.1891891891892, "percent_covered_display": "89", "missing_lines": 8, "excluded_lines": 0, "percent_statements_covered": 89.1891891891892, "percent_statements_covered_display": "89"}, "missing_lines": [2363, 2365, 2403, 2407, 2416, 2429, 2435, 2439], "excluded_lines": []}, "cached_embed": {"executed_lines": [2824, 2825, 2826, 2827, 2828, 2829, 2830], "summary": {"covered_lines": 7, "num_statements": 7, "percent_covered": 100.0, "percent_covered_display": "100", "missing_lines": 0, "excluded_lines": 0, "percent_statements_covered": 100.0, "percent_statements_covered_display": "100"}, "missing_lines": [], "excluded_lines": []}, "Retriever.__init__": {"executed_lines": [2854, 2855, 2856, 2857, 2858, 2861, 2876, 2878], "summary": {"covered_lines": 8, "num_statements": 16, "percent_covered": 50.0, "percent_covered_display": "50", "missing_lines": 8, "excluded_lines": 0, "percent_statements_covered": 50.0, "percent_statements_covered_display": "50"}, "missing_lines": [2862, 2867, 2868, 2869, 2870, 2871, 2873, 2874], "excluded_lines": []}, "Retriever.stats": {"executed_lines": [2881, 2883, 2885, 2886, 2887], "summary": {"covered_lines": 5, "num_statements": 7, "percent_covered": 71.42857142857143, "percent_covered_display": "71", "missing_lines": 2, "excluded_lines": 0, "percent_statements_covered": 71.42857142857143, "percent_statements_covered_display": "71"}, "missing_lines": [2882, 2884], "excluded_lines": []}, "Retriever.query": {"executed_lines": [2897, 2898, 2901, 2902, 2906, 2907, 2908, 2910, 2912, 2913, 2914, 2919, 2920, 2924, 2925, 2926, 2930, 2931, 2936, 2937, 2945, 2946, 2949, 2953, 2954, 2962, 2963, 2964, 2965, 2968, 2969, 2970, 2971, 2973, 2974, 2976, 2977, 2980, 2991, 2992, 2994], "summary": {"covered_lines": 41, "num_statements": 56, "percent_covered": 73.21428571428571, "percent_covered_display": "73", "missing_lines": 15, "excluded_lines": 0, "percent_statements_covered": 73.21428571428571, "percent_statements_covered_display": "73"}, "missing_lines": [2903, 2915, 2916, 2917, 2927, 2933, 2938, 2939, 2940, 2950, 2957, 2959, 2960, 2978, 2979], "excluded_lines": []}, "get_retriever": {"executed_lines": [], "summary": {"covered_lines": 0, "num_statements": 3, "percent_covered": 0.0, "percent_covered_display": "0", "missing_lines": 3, "excluded_lines": 0, "percent_statements_covered": 0.0, "percent_statements_covered_display": "0"}, "missing_lines": [3012, 3013, 3014], "excluded_lines": []}, "make_app": {"executed_lines": [], "summary": {"covered_lines": 0, "num_statements": 19, "percent_covered": 0.0, "percent_covered_display": "0", "missing_lines": 19, "excluded_lines": 0, "percent_statements_covered": 0.0, "percent_statements_covered_display": "0"}, "missing_lines": [3030, 3031, 3032, 3034, 3037, 3045, 3046, 3047, 3049, 3050, 3051, 3052, 3054, 3055, 3068, 3069, 3085, 3086, 3138], "excluded_lines": []}, "make_app.health": {"executed_lines": [], "summary": {"covered_lines": 0, "num_statements": 6, "percent_covered": 0.0, "percent_covered_display": "0", "missing_lines": 6, "excluded_lines": 0, "percent_statements_covered": 0.0, "percent_statements_covered_display": "0"}, "missing_lines": [3061, 3062, 3063, 3064, 3065, 3066], "excluded_lines": []}, "make_app.query": {"executed_lines": [], "summary": {"covered_lines": 0, "num_statements": 6, "percent_covered": 0.0, "percent_covered_display": "0", "missing_lines": 6, "excluded_lines": 0, "percent_statements_covered": 0.0, "percent_statements_covered_display": "0"}, "missing_lines": [3078, 3079, 3080, 3081, 3082, 3083], "excluded_lines": []}, "make_app.query_text": {"executed_lines": [], "summary": {"covered_lines": 0, "num_statements": 12, "percent_covered": 0.0, "percent_covered_display": "0", "missing_lines": 12, "excluded_lines": 0, "percent_statements_covered": 0.0, "percent_statements_covered_display": "0"}, "missing_lines": [3102, 3103, 3104, 3106, 3107, 3114, 3116, 3117, 3125, 3128, 3130, 3131], "excluded_lines": []}, "serve": {"executed_lines": [3146, 3148, 3149, 3150, 3151, 3152, 3153, 3154, 3156, 3157], "summary": {"covered_lines": 10, "num_statements": 10, "percent_covered": 100.0, "percent_covered_display": "100", "missing_lines": 0, "excluded_lines": 0, "percent_statements_covered": 100.0, "percent_statements_covered_display": "100"}, "missing_lines": [], "excluded_lines": []}, "main": {"executed_lines": [3176, 3177, 3178, 3179, 3180, 3181, 3182, 3184, 3185, 3186, 3187, 3188, 3189, 3190, 3191, 3192, 3193, 3195, 3196, 3198, 3199, 3200, 3208, 3209, 3210, 3211, 3212, 3213, 3214, 3215, 3216, 3217, 3218, 3220, 3221], "summary": {"covered_lines": 35, "num_statements": 35, "percent_covered": 100.0, "percent_covered_display": "100", "missing_lines": 0, "excluded_lines": 0, "percent_statements_covered": 100.0, "percent_statements_covered_display": "100"}, "missing_lines": [], "excluded_lines": []}, "": {"executed_lines": [1, 47, 48, 49, 50, 51, 52, 53, 54, 55, 56, 57, 58, 59, 60, 62, 63, 65, 85, 103, 106, 107, 108, 109, 110, 111, 114, 115, 116, 118, 121, 122, 124, 127, 130, 136, 137, 138, 140, 141, 146, 147, 150, 151, 157, 158, 159, 162, 185, 255, 356, 402, 520, 561, 562, 563, 566, 567, 570, 579, 580, 583, 587, 626, 627, 628, 630, 631, 632, 633, 634, 639, 640, 641, 643, 650, 651, 656, 657, 665, 685, 720, 721, 743, 758, 768, 815, 826, 942, 983, 999, 1000, 1018, 1019, 1022, 1059, 1080, 1086, 1158, 1199, 1248, 1380, 1444, 1631, 1743, 1795, 1823, 1876, 1885, 1888, 1930, 1954, 1955, 1959, 1960, 1963, 2015, 2044, 2047, 2054, 2083, 2084, 2090, 2094, 2114, 2118, 2128, 2131, 2147, 2220, 2223, 2275, 2816, 2817, 2819, 2822, 2837, 2838, 2852, 2880, 2896, 2998, 3001, 3018, 3141, 3161, 3224], "summary": {"covered_lines": 144, "num_statements": 178, "percent_covered": 80.89887640449439, "percent_covered_display": "81", "missing_lines": 34, "excluded_lines": 0, "percent_statements_covered": 80.89887640449439, "percent_statements_covered_display": "81"}, "missing_lines": [66, 67, 70, 71, 72, 74, 75, 77, 78, 80, 81, 148, 149, 152, 153, 644, 646, 1877, 1878, 1880, 1881, 1882, 1883, 3225, 3226, 3227, 3228, 3229, 3230, 3231, 3232, 3233, 3235, 3236], "excluded_lines": []}}, "classes": {"SemanticChunker": {"executed_lines": [731, 732, 733, 734, 735, 736, 741, 744, 745, 746, 747, 759, 760, 761, 762, 763, 764, 765, 766, 770, 771, 775, 777, 780, 784, 785, 788, 789, 790, 791, 793, 795, 799, 800, 802, 805, 806, 807, 808, 811, 813, 817, 818, 819, 820, 821, 822, 824, 944, 946, 947, 948, 949, 953, 954, 957, 958, 962, 963, 967, 968, 970, 971, 972, 978, 979, 980, 981, 984, 985, 986, 987, 988, 989, 990, 992, 993, 994, 995], "summary": {"covered_lines": 79, "num_statements": 163, "percent_covered": 48.466257668711656, "percent_covered_display": "48", "missing_lines": 84, "excluded_lines": 0, "percent_statements_covered": 48.466257668711656, "percent_statements_covered_display": "48"}, "missing_lines": [748, 749, 750, 751, 752, 753, 754, 756, 796, 828, 829, 831, 832, 833, 835, 836, 837, 838, 839, 840, 841, 842, 843, 844, 845, 848, 849, 852, 855, 858, 859, 861, 865, 867, 869, 872, 875, 876, 880, 881, 885, 886, 889, 891, 892, 893, 895, 896, 897, 900, 901, 902, 903, 905, 908, 909, 910, 911, 913, 916, 918, 919, 923, 926, 929, 930, 931, 932, 933, 934, 935, 936, 937, 938, 940, 950, 959, 964, 965, 973, 975, 976, 977, 991], "excluded_lines": []}, "SemanticSplitterCache": {"executed_lines": [2092, 2104, 2105, 2106, 2112, 2116, 2124], "summary": {"covered_lines": 7, "num_statements": 7, "percent_covered": 100.0, "percent_covered_display": "100", "missing_lines": 0, "excluded_lines": 0, "percent_statements_covered": 100.0, "percent_statements_covered_display": "100"}, "missing_lines": [], "excluded_lines": []}, "Retriever": {"executed_lines": [2854, 2855, 2856, 2857, 2858, 2861, 2876, 2878, 2881, 2883, 2885, 2886, 2887, 2897, 2898, 2901, 2902, 2906, 2907, 2908, 2910, 2912, 2913, 2914, 2919, 2920, 2924, 2925, 2926, 2930, 2931, 2936, 2937, 2945, 2946, 2949, 2953, 2954, 2962, 2963, 2964, 2965, 2968, 2969, 2970, 2971, 2973, 2974, 2976, 2977, 2980, 2991, 2992, 2994], "summary": {"covered_lines": 54, "num_statements": 79, "percent_covered": 68.35443037974683, "percent_covered_display": "68", "missing_lines": 25, "excluded_lines": 0, "percent_statements_covered": 68.35443037974683, "percent_statements_covered_display": "68"}, "missing_lines": [2862, 2867, 2868, 2869, 2870, 2871, 2873, 2874, 2882, 2884, 2903, 2915, 2916, 2917, 2927, 2933, 2938, 2939, 2940, 2950, 2957, 2959, 2960, 2978, 2979], "excluded_lines": []}, "make_app.QueryReq": {"executed_lines": [], "summary": {"covered_lines": 0, "num_statements": 0, "percent_covered": 100.0, "percent_covered_display": "100", "missing_lines": 0, "excluded_lines": 0, "percent_statements_covered": 100.0, "percent_statements_covered_display": "100"}, "missing_lines": [], "excluded_lines": []}, "make_app.QueryTextReq": {"executed_lines": [], "summary": {"covered_lines": 0, "num_statements": 0, "percent_covered": 100.0, "percent_covered_display": "100", "missing_lines": 0, "excluded_lines": 0, "percent_statements_covered": 100.0, "percent_statements_covered_display": "100"}, "missing_lines": [], "excluded_lines": []}, "": {"executed_lines": [1, 47, 48, 49, 50, 51, 52, 53, 54, 55, 56, 57, 58, 59, 60, 62, 63, 65, 85, 91, 92, 93, 94, 95, 96, 98, 99, 100, 103, 106, 107, 108, 109, 110, 111, 114, 115, 116, 118, 121, 122, 124, 127, 130, 136, 137, 138, 140, 141, 146, 147, 150, 151, 157, 158, 159, 162, 168, 169, 171, 173, 175, 176, 177, 180, 185, 192, 193, 195, 196, 197, 200, 202, 203, 206, 209, 212, 214, 217, 218, 219, 221, 222, 227, 231, 234, 237, 238, 245, 255, 268, 269, 271, 272, 273, 275, 276, 278, 279, 282, 285, 286, 287, 290, 291, 292, 295, 298, 300, 303, 306, 309, 310, 313, 314, 336, 338, 339, 340, 346, 356, 364, 365, 367, 368, 370, 372, 373, 374, 375, 376, 377, 378, 379, 382, 383, 384, 385, 386, 387, 388, 389, 390, 391, 392, 393, 394, 402, 415, 416, 417, 420, 423, 424, 426, 427, 428, 429, 430, 435, 436, 439, 440, 441, 442, 451, 452, 453, 455, 456, 457, 467, 468, 470, 472, 477, 494, 495, 497, 498, 501, 503, 504, 505, 506, 512, 513, 520, 528, 547, 548, 561, 562, 563, 566, 567, 570, 579, 580, 583, 587, 602, 603, 605, 609, 612, 613, 615, 618, 619, 622, 626, 627, 628, 630, 631, 632, 633, 634, 639, 640, 641, 643, 650, 651, 656, 657, 665, 667, 669, 670, 671, 674, 676, 677, 680, 681, 682, 685, 691, 692, 696, 699, 704, 708, 711, 714, 715, 717, 720, 721, 743, 758, 768, 815, 826, 942, 983, 999, 1000, 1018, 1019, 1022, 1024, 1025, 1028, 1033, 1034, 1035, 1039, 1042, 1046, 1047, 1048, 1052, 1056, 1059, 1068, 1069, 1072, 1075, 1077, 1080, 1081, 1082, 1083, 1086, 1096, 1097, 1099, 1100, 1105, 1106, 1113, 1116, 1117, 1119, 1120, 1123, 1124, 1125, 1128, 1129, 1132, 1133, 1136, 1137, 1138, 1139, 1140, 1144, 1145, 1146, 1147, 1150, 1152, 1153, 1155, 1158, 1169, 1171, 1172, 1174, 1175, 1176, 1177, 1178, 1179, 1180, 1182, 1183, 1184, 1185, 1187, 1189, 1190, 1191, 1192, 1193, 1194, 1196, 1199, 1211, 1212, 1213, 1215, 1216, 1220, 1221, 1222, 1223, 1224, 1225, 1226, 1227, 1230, 1233, 1236, 1237, 1239, 1240, 1242, 1245, 1248, 1262, 1264, 1266, 1268, 1269, 1272, 1274, 1276, 1279, 1281, 1282, 1283, 1286, 1290, 1291, 1294, 1295, 1296, 1298, 1301, 1302, 1303, 1304, 1306, 1310, 1311, 1313, 1314, 1315, 1316, 1319, 1320, 1323, 1325, 1327, 1328, 1329, 1331, 1332, 1336, 1341, 1344, 1345, 1346, 1347, 1348, 1355, 1373, 1375, 1377, 1380, 1392, 1395, 1416, 1418, 1420, 1421, 1423, 1424, 1425, 1426, 1429, 1430, 1431, 1433, 1434, 1435, 1437, 1439, 1441, 1444, 1457, 1458, 1460, 1461, 1462, 1463, 1465, 1466, 1469, 1470, 1472, 1475, 1477, 1478, 1479, 1480, 1483, 1486, 1488, 1492, 1495, 1496, 1497, 1499, 1500, 1501, 1502, 1503, 1505, 1506, 1510, 1512, 1513, 1514, 1516, 1517, 1518, 1521, 1522, 1525, 1526, 1527, 1529, 1530, 1531, 1532, 1535, 1538, 1539, 1540, 1547, 1548, 1549, 1550, 1551, 1555, 1556, 1560, 1562, 1563, 1564, 1567, 1570, 1571, 1574, 1576, 1577, 1578, 1581, 1583, 1588, 1591, 1592, 1593, 1594, 1595, 1596, 1599, 1601, 1608, 1614, 1617, 1618, 1621, 1624, 1625, 1627, 1628, 1631, 1651, 1652, 1655, 1656, 1658, 1659, 1660, 1662, 1665, 1666, 1668, 1669, 1672, 1673, 1676, 1678, 1679, 1682, 1683, 1684, 1685, 1686, 1689, 1690, 1693, 1696, 1697, 1698, 1699, 1701, 1703, 1704, 1705, 1706, 1707, 1708, 1709, 1710, 1711, 1717, 1718, 1721, 1740, 1743, 1752, 1755, 1756, 1758, 1759, 1760, 1762, 1763, 1764, 1766, 1767, 1768, 1770, 1771, 1772, 1773, 1775, 1776, 1777, 1780, 1781, 1790, 1791, 1792, 1795, 1810, 1811, 1812, 1813, 1814, 1816, 1820, 1823, 1825, 1827, 1830, 1831, 1834, 1836, 1838, 1842, 1843, 1846, 1847, 1848, 1872, 1876, 1885, 1888, 1900, 1901, 1902, 1903, 1904, 1910, 1911, 1914, 1915, 1918, 1921, 1927, 1930, 1932, 1933, 1936, 1937, 1939, 1940, 1942, 1943, 1945, 1947, 1948, 1949, 1950, 1954, 1955, 1959, 1960, 1963, 1977, 1979, 1982, 1984, 1985, 1986, 1989, 1991, 1992, 1996, 2000, 2001, 2002, 2003, 2004, 2007, 2011, 2012, 2015, 2017, 2018, 2019, 2020, 2021, 2022, 2023, 2024, 2025, 2026, 2027, 2028, 2029, 2030, 2031, 2033, 2034, 2035, 2038, 2039, 2040, 2044, 2047, 2049, 2050, 2051, 2054, 2055, 2058, 2059, 2062, 2063, 2065, 2066, 2067, 2069, 2070, 2071, 2074, 2077, 2083, 2084, 2090, 2094, 2114, 2118, 2128, 2131, 2144, 2147, 2156, 2157, 2159, 2172, 2173, 2174, 2175, 2176, 2177, 2179, 2181, 2183, 2187, 2188, 2190, 2191, 2192, 2193, 2194, 2195, 2196, 2197, 2198, 2199, 2200, 2201, 2205, 2207, 2210, 2213, 2216, 2220, 2223, 2225, 2226, 2229, 2230, 2231, 2233, 2234, 2237, 2238, 2240, 2241, 2242, 2243, 2245, 2247, 2248, 2251, 2252, 2253, 2254, 2255, 2256, 2258, 2260, 2261, 2264, 2266, 2267, 2271, 2275, 2313, 2319, 2320, 2321, 2323, 2324, 2325, 2326, 2327, 2328, 2329, 2331, 2337, 2338, 2343, 2344, 2348, 2350, 2351, 2368, 2369, 2370, 2371, 2373, 2374, 2375, 2377, 2379, 2382, 2383, 2384, 2388, 2391, 2392, 2395, 2396, 2397, 2400, 2401, 2402, 2404, 2405, 2409, 2412, 2415, 2418, 2422, 2423, 2424, 2425, 2426, 2427, 2428, 2431, 2432, 2434, 2436, 2437, 2440, 2441, 2443, 2445, 2446, 2447, 2448, 2449, 2450, 2451, 2452, 2453, 2454, 2455, 2457, 2460, 2461, 2462, 2463, 2466, 2469, 2473, 2474, 2475, 2485, 2487, 2489, 2490, 2491, 2494, 2495, 2496, 2503, 2504, 2507, 2508, 2509, 2510, 2511, 2513, 2514, 2515, 2516, 2517, 2518, 2519, 2520, 2522, 2523, 2526, 2527, 2528, 2532, 2533, 2534, 2536, 2538, 2539, 2544, 2545, 2546, 2550, 2551, 2552, 2560, 2561, 2562, 2564, 2566, 2567, 2568, 2571, 2572, 2574, 2575, 2576, 2577, 2580, 2581, 2582, 2584, 2598, 2599, 2610, 2611, 2614, 2615, 2617, 2623, 2632, 2633, 2637, 2638, 2640, 2643, 2647, 2648, 2652, 2658, 2659, 2660, 2661, 2662, 2666, 2670, 2676, 2680, 2681, 2683, 2687, 2688, 2700, 2701, 2707, 2708, 2710, 2712, 2715, 2716, 2720, 2722, 2785, 2798, 2806, 2807, 2808, 2809, 2811, 2812, 2816, 2817, 2819, 2822, 2824, 2825, 2826, 2827, 2828, 2829, 2830, 2837, 2838, 2852, 2880, 2896, 2998, 3001, 3018, 3141, 3146, 3148, 3149, 3150, 3151, 3152, 3153, 3154, 3156, 3157, 3161, 3176, 3177, 3178, 3179, 3180, 3181, 3182, 3184, 3185, 3186, 3187, 3188, 3189, 3190, 3191, 3192, 3193, 3195, 3196, 3198, 3199, 3200, 3208, 3209, 3210, 3211, 3212, 3213, 3214, 3215, 3216, 3217, 3218, 3220, 3221, 3224], "summary": {"covered_lines": 1031, "num_statements": 1348, "percent_covered": 76.48367952522256, "percent_covered_display": "76", "missing_lines": 317, "excluded_lines": 0, "percent_statements_covered": 76.48367952522256, "percent_statements_covered_display": "76"}, "missing_lines": [66, 67, 70, 71, 72, 74, 75, 77, 78, 80, 81, 148, 149, 152, 153, 181, 182, 215, 224, 228, 240, 241, 242, 247, 248, 249, 251, 252, 283, 296, 315, 316, 319, 320, 322, 324, 325, 328, 329, 330, 331, 333, 342, 343, 344, 348, 349, 350, 352, 353, 395, 396, 398, 399, 431, 432, 443, 444, 445, 473, 474, 475, 480, 481, 483, 484, 485, 487, 488, 489, 490, 491, 492, 509, 511, 514, 515, 516, 517, 529, 530, 531, 532, 533, 534, 535, 536, 537, 538, 539, 540, 541, 543, 549, 550, 551, 552, 553, 554, 556, 572, 573, 575, 616, 644, 646, 1029, 1053, 1054, 1148, 1338, 1357, 1358, 1359, 1361, 1362, 1363, 1364, 1365, 1367, 1368, 1489, 1519, 1523, 1528, 1542, 1543, 1565, 1584, 1585, 1609, 1610, 1611, 1663, 1714, 1722, 1723, 1724, 1725, 1726, 1727, 1728, 1730, 1732, 1733, 1734, 1735, 1736, 1737, 1738, 1753, 1786, 1787, 1817, 1818, 1839, 1844, 1849, 1851, 1852, 1853, 1856, 1857, 1859, 1862, 1863, 1864, 1865, 1868, 1869, 1870, 1877, 1878, 1880, 1881, 1882, 1883, 1925, 1994, 2009, 2036, 2037, 2075, 2184, 2203, 2209, 2246, 2259, 2269, 2363, 2365, 2403, 2407, 2416, 2429, 2435, 2439, 2548, 2553, 2554, 2556, 2557, 2583, 2586, 2587, 2588, 2591, 2593, 2594, 2597, 2600, 2602, 2604, 2605, 2606, 2607, 2619, 2663, 2671, 2672, 2677, 2689, 2690, 2691, 2692, 2693, 2694, 2695, 2697, 2698, 2702, 2703, 2727, 2733, 2734, 2740, 2741, 2747, 2748, 2749, 2750, 2753, 2754, 2755, 2757, 2758, 2761, 2762, 2763, 2764, 2767, 2768, 2769, 2771, 2772, 2773, 2775, 2780, 2781, 2783, 3012, 3013, 3014, 3030, 3031, 3032, 3034, 3037, 3045, 3046, 3047, 3049, 3050, 3051, 3052, 3054, 3055, 3061, 3062, 3063, 3064, 3065, 3066, 3068, 3069, 3078, 3079, 3080, 3081, 3082, 3083, 3085, 3086, 3102, 3103, 3104, 3106, 3107, 3114, 3116, 3117, 3125, 3128, 3130, 3131, 3138, 3225, 3226, 3227, 3228, 3229, 3230, 3231, 3232, 3233, 3235, 3236], "excluded_lines": []}}}}, "totals": {"covered_lines": 1171, "num_statements": 1597, "percent_covered": 73.32498434564809, "percent_covered_display": "73", "missing_lines": 426, "excluded_lines": 0, "percent_statements_covered": 73.32498434564809, "percent_statements_covered_display": "73"}}