<?xml version='1.0' encoding='utf-8'?>
<coverage version="7.12.0" line-rate="0.629709035222052" branch-rate="0.592479674796748" lines-covered="2056" lines-valid="3265" branches-covered="583" branches-valid="984" timestamp="1764628093141"><sources><source>src/rag</source><source>src/quantamental</source><source>src/api-service</source></sources><packages><package name="rag/." line-rate="0.732" branch-rate="0.6748" complexity="0" /><package name="quantamental/." line-rate="0.4556" branch-rate="0.3571" complexity="0" /><package name="api-service/." line-rate="0.4828" branch-rate="1" complexity="0" /><package name="api-service/routers" line-rate="0.9154" branch-rate="0.6481" complexity="0" /><package name="api-service/utils" line-rate="0.6477" branch-rate="0.6923" complexity="0" /></packages></coverage>