<?xml version='1.0' encoding='utf-8'?>
<coverage version="7.12.0" line-rate="0.6378588516746412" branch-rate="0.5869565217391305" lines-covered="2133" lines-valid="3344" branches-covered="594" branches-valid="1012" timestamp="1765429912747"><sources><source>src/rag</source><source>src/quantamental</source><source>src/api-service</source></sources><packages><package name="rag/." line-rate="0.7332" branch-rate="0.6748" complexity="0" /><package name="quantamental/." line-rate="0.4814" branch-rate="0.3627" complexity="0" /><package name="api-service/." line-rate="0.5" branch-rate="1" complexity="0" /><package name="api-service/routers" line-rate="0.9246" branch-rate="0.6538" complexity="0" /><package name="api-service/utils" line-rate="0.6648" branch-rate="0.7083" complexity="0" /></packages></coverage>